<?xml version="1.0" encoding="UTF-8"?>
<!-- Generated by org.testng.reporters.JUnitXMLReporter -->
<testsuite ignored="0" hostname="Akash_Chaudhry" failures="1" tests="1" name="Default test" time="3.179" errors="0" timestamp="2026-05-26T07:14:13 IST">
  <testcase classname="Demo.BrowserAutomation" name="brAut" time="3.154">
    <failure type="org.openqa.selenium.SessionNotCreatedException" message="Could not start a new session. Response code 500. Message: Error executing adbExec. Original error: &amp;apos;Command &amp;apos;&amp;apos;C:\Users\kumar\AppData\Local\Android\Sdk\platform-tools\adb.exe&amp;apos; -P 5037 -s b825a4c7 shell pm clear com.android.chrome&amp;apos; exited with code 255&amp;apos;; Command output: Security exception: adb clearing user data is forbidden.

java.lang.SecurityException: adb clearing user data is forbidden.
	at com.android.server.pm.ColorClearDataProtectManager.interceptClearUserDataIfNeeded(ColorClearDataProtectManager.java:87)
	at com.android.server.pm.OppoBasePackageManagerService$OppoPackageManagerInternalImpl.interceptClearUserDataIfNeeded(OppoBasePackageManagerService.java:407)
	at com.android.server.am.ActivityManagerService.clearApplicationUserData(ActivityManagerService.java:4546)
	at com.android.server.pm.PackageManagerShellCommand.runClear(PackageManagerShellCommand.java:1852)
	at com.android.server.pm.PackageManagerShellCommand.onCommand(PackageManagerShellCommand.java:216)
	at android.os.ShellCommand.exec(ShellCommand.java:104)
	at com.android.server.pm.PackageManagerService.onShellCommand(PackageManagerService.java:24353)
	at android.os.Binder.shellCommand(Binder.java:881)
	at android.os.Binder.onTransact(Binder.java:765)
	at android.content.pm.IPackageManager$Stub.onTransact(IPackageManager.java:5118)
	at com.android.server.pm.PackageManagerService.onTransact(PackageManagerService.java:4876)
	at com.android.server.pm.OppoPackageManagerService.onTransact(OppoPackageManagerService.java:93)
	at android.os.Binder.execTransactInternal(Binder.java:1021)
	at android.os.Binder.execTransact(Binder.java:994)
 
Host info: host: &amp;apos;AKASH_CHAUDHRY&amp;apos;, ip: &amp;apos;192.168.31.233&amp;apos;
Build info: version: &amp;apos;4.18.1&amp;apos;, revision: &amp;apos;b1d3319b48&amp;apos;
System info: os.name: &amp;apos;Windows 11&amp;apos;, os.arch: &amp;apos;amd64&amp;apos;, os.version: &amp;apos;10.0&amp;apos;, java.version: &amp;apos;17.0.12&amp;apos;
Driver info: io.appium.java_client.android.AndroidDriver
Command: [null, newSession {desiredCapabilities=Capabilities {appium:automationName: uiautomator2, appium:chromedriverExecutable: C:\Users\kumar\eclipse-work..., appium:deviceName: OPPO CPH 1931, browserName: Chrome, platformName: ANDROID}, capabilities=[{browserName=Chrome, appium:chromedriverExecutable=C:\Users\kumar\eclipse-workspace\AppiumDemo\driver\chromedriver-win64\chromedriver.exe, appium:deviceName=OPPO CPH 1931, platformName=ANDROID, appium:automationName=uiautomator2}]}]
Capabilities {appium:automationName: uiautomator2, appium:chromedriverExecutable: C:\Users\kumar\eclipse-work..., appium:deviceName: OPPO CPH 1931, browserName: Chrome, platformName: ANDROID}">
      <![CDATA[org.openqa.selenium.SessionNotCreatedException: Could not start a new session. Response code 500. Message: Error executing adbExec. Original error: 'Command ''C:\Users\kumar\AppData\Local\Android\Sdk\platform-tools\adb.exe' -P 5037 -s b825a4c7 shell pm clear com.android.chrome' exited with code 255'; Command output: Security exception: adb clearing user data is forbidden.

java.lang.SecurityException: adb clearing user data is forbidden.
at com.android.server.pm.ColorClearDataProtectManager.interceptClearUserDataIfNeeded(ColorClearDataProtectManager.java:87)
at com.android.server.pm.OppoBasePackageManagerService$OppoPackageManagerInternalImpl.interceptClearUserDataIfNeeded(OppoBasePackageManagerService.java:407)
at com.android.server.am.ActivityManagerService.clearApplicationUserData(ActivityManagerService.java:4546)
at com.android.server.pm.PackageManagerShellCommand.runClear(PackageManagerShellCommand.java:1852)
at com.android.server.pm.PackageManagerShellCommand.onCommand(PackageManagerShellCommand.java:216)
at android.os.ShellCommand.exec(ShellCommand.java:104)
at com.android.server.pm.PackageManagerService.onShellCommand(PackageManagerService.java:24353)
at android.os.Binder.shellCommand(Binder.java:881)
at android.os.Binder.onTransact(Binder.java:765)
at android.content.pm.IPackageManager$Stub.onTransact(IPackageManager.java:5118)
at com.android.server.pm.PackageManagerService.onTransact(PackageManagerService.java:4876)
at com.android.server.pm.OppoPackageManagerService.onTransact(OppoPackageManagerService.java:93)
at android.os.Binder.execTransactInternal(Binder.java:1021)
at android.os.Binder.execTransact(Binder.java:994)
 
Host info: host: 'AKASH_CHAUDHRY', ip: '192.168.31.233'
Build info: version: '4.18.1', revision: 'b1d3319b48'
System info: os.name: 'Windows 11', os.arch: 'amd64', os.version: '10.0', java.version: '17.0.12'
Driver info: io.appium.java_client.android.AndroidDriver
Command: [null, newSession {desiredCapabilities=Capabilities {appium:automationName: uiautomator2, appium:chromedriverExecutable: C:\Users\kumar\eclipse-work..., appium:deviceName: OPPO CPH 1931, browserName: Chrome, platformName: ANDROID}, capabilities=[{browserName=Chrome, appium:chromedriverExecutable=C:\Users\kumar\eclipse-workspace\AppiumDemo\driver\chromedriver-win64\chromedriver.exe, appium:deviceName=OPPO CPH 1931, platformName=ANDROID, appium:automationName=uiautomator2}]}]
Capabilities {appium:automationName: uiautomator2, appium:chromedriverExecutable: C:\Users\kumar\eclipse-work..., appium:deviceName: OPPO CPH 1931, browserName: Chrome, platformName: ANDROID}
at org.openqa.selenium.remote.ProtocolHandshake.createSession(ProtocolHandshake.java:139)
at java.base/jdk.internal.reflect.NativeMethodAccessorImpl.invoke0(Native Method)
at java.base/jdk.internal.reflect.NativeMethodAccessorImpl.invoke(NativeMethodAccessorImpl.java:77)
at java.base/jdk.internal.reflect.DelegatingMethodAccessorImpl.invoke(DelegatingMethodAccessorImpl.java:43)
at java.base/java.lang.reflect.Method.invoke(Method.java:568)
at io.appium.java_client.remote.AppiumProtocolHandshake.createSession(AppiumProtocolHandshake.java:133)
at io.appium.java_client.remote.AppiumProtocolHandshake.createSession(AppiumProtocolHandshake.java:102)
at io.appium.java_client.remote.AppiumCommandExecutor.createSession(AppiumCommandExecutor.java:176)
at io.appium.java_client.remote.AppiumCommandExecutor.execute(AppiumCommandExecutor.java:237)
at org.openqa.selenium.remote.RemoteWebDriver.execute(RemoteWebDriver.java:519)
at io.appium.java_client.AppiumDriver.startSession(AppiumDriver.java:268)
at org.openqa.selenium.remote.RemoteWebDriver.<init>(RemoteWebDriver.java:162)
at io.appium.java_client.AppiumDriver.<init>(AppiumDriver.java:90)
at io.appium.java_client.AppiumDriver.<init>(AppiumDriver.java:102)
at io.appium.java_client.android.AndroidDriver.<init>(AndroidDriver.java:109)
at Demo.BrowserAutomation.brAut(BrowserAutomation.java:33)
at java.base/jdk.internal.reflect.NativeMethodAccessorImpl.invoke0(Native Method)
at java.base/jdk.internal.reflect.NativeMethodAccessorImpl.invoke(NativeMethodAccessorImpl.java:77)
at java.base/jdk.internal.reflect.DelegatingMethodAccessorImpl.invoke(DelegatingMethodAccessorImpl.java:43)
at java.base/java.lang.reflect.Method.invoke(Method.java:568)
at org.testng.internal.MethodInvocationHelper.invokeMethod(MethodInvocationHelper.java:133)
at org.testng.internal.TestInvoker.invokeMethod(TestInvoker.java:598)
at org.testng.internal.TestInvoker.invokeTestMethod(TestInvoker.java:173)
at org.testng.internal.MethodRunner.runInSequence(MethodRunner.java:46)
at org.testng.internal.TestInvoker$MethodInvocationAgent.invoke(TestInvoker.java:824)
at org.testng.internal.TestInvoker.invokeTestMethods(TestInvoker.java:146)
at org.testng.internal.TestMethodWorker.invokeTestMethods(TestMethodWorker.java:146)
at org.testng.internal.TestMethodWorker.run(TestMethodWorker.java:128)
at java.base/java.util.ArrayList.forEach(ArrayList.java:1511)
at org.testng.TestRunner.privateRun(TestRunner.java:794)
at org.testng.TestRunner.run(TestRunner.java:596)
at org.testng.SuiteRunner.runTest(SuiteRunner.java:377)
at org.testng.SuiteRunner.runSequentially(SuiteRunner.java:371)
at org.testng.SuiteRunner.privateRun(SuiteRunner.java:332)
at org.testng.SuiteRunner.run(SuiteRunner.java:276)
at org.testng.SuiteRunnerWorker.runSuite(SuiteRunnerWorker.java:53)
at org.testng.SuiteRunnerWorker.run(SuiteRunnerWorker.java:96)
at org.testng.TestNG.runSuitesSequentially(TestNG.java:1212)
at org.testng.TestNG.runSuitesLocally(TestNG.java:1134)
at org.testng.TestNG.runSuites(TestNG.java:1063)
at org.testng.TestNG.run(TestNG.java:1031)
at org.testng.remote.AbstractRemoteTestNG.run(AbstractRemoteTestNG.java:115)
at org.testng.remote.RemoteTestNG.initAndRun(RemoteTestNG.java:293)
at org.testng.remote.RemoteTestNG.main(RemoteTestNG.java:91)
]]>
    </failure>
  </testcase> <!-- brAut -->
</testsuite> <!-- Default test -->
